<?xml version="1.0" encoding="UTF-8"?>
<testsuite name="StringCalculatorTest" tests="3" skipped="0" failures="0" errors="0" timestamp="2021-04-26T19:21:07" hostname="mohit" time="0.027">
  <properties/>
  <testcase name="shouldReturnZeroOnEmptyString()" classname="StringCalculatorTest" time="0.022"/>
  <testcase name="shouldReturnSumForTwoNumber()" classname="StringCalculatorTest" time="0.003"/>
  <testcase name="shouldReturnNumberForOneNumber()" classname="StringCalculatorTest" time="0.001"/>
  <system-out><![CDATA[]]></system-out>
  <system-err><![CDATA[]]></system-err>
</testsuite>
