<?xml version="1.0" encoding="UTF-8"?>
<testsuite name="StringCalculatorTest" tests="2" skipped="0" failures="0" errors="0" timestamp="2021-04-26T19:03:29" hostname="mohit" time="0.021">
  <properties/>
  <testcase name="shouldReturnZeroOnEmptyString()" classname="StringCalculatorTest" time="0.019"/>
  <testcase name="shouldReturnNumberForOneNumber()" classname="StringCalculatorTest" time="0.001"/>
  <system-out><![CDATA[]]></system-out>
  <system-err><![CDATA[]]></system-err>
</testsuite>
